<?xml version="1.0" encoding="UTF-8"?>
<!-- Generated by org.testng.reporters.JUnitXMLReporter -->
<testsuite ignored="0" hostname="PreethamGowda" failures="0" tests="3" name="Test1" time="45.613" errors="0" timestamp="2022-11-11T12:19:20 IST">
  <testcase classname="vTiger.Contacts.CreateContactTest" name="Test1" time="0.121"/>
  <testcase classname="vTiger.Contacts.CreateContactTest" name="Test2" time="0.003"/>
  <testcase classname="vTiger.Contacts.CreateContactTest" name="createContactTest" time="16.112"/>
</testsuite> <!-- Test1 -->
