<?xml version="1.0" encoding="UTF-8"?>
<testng-results ignored="0" total="3" passed="2" failed="1" skipped="0">
  <reporter-output>
  </reporter-output>
  <suite started-at="2022-11-11T12:20:25 IST" name="Default suite" finished-at="2022-11-11T12:21:02 IST" duration-ms="37700">
    <groups>
      <group name="smokeSuite">
        <method signature="CreateContactTest.Test1()[pri:0, instance:vTiger.Contacts.CreateContactTest@4dbb42b7]" name="Test1" class="vTiger.Contacts.CreateContactTest"/>
        <method signature="CreateContactTest.createContactTest()[pri:0, instance:vTiger.Contacts.CreateContactTest@4dbb42b7]" name="createContactTest" class="vTiger.Contacts.CreateContactTest"/>
      </group> <!-- smokeSuite -->
      <group name="regressionSuite">
        <method signature="CreateContactTest.Test2()[pri:0, instance:vTiger.Contacts.CreateContactTest@4dbb42b7]" name="Test2" class="vTiger.Contacts.CreateContactTest"/>
      </group> <!-- regressionSuite -->
    </groups>
    <test started-at="2022-11-11T12:20:25 IST" name="Default test" finished-at="2022-11-11T12:21:02 IST" duration-ms="37700">
      <class name="vTiger.Contacts.CreateContactTest">
        <test-method is-config="true" signature="bsConfig()[pri:0, instance:vTiger.Contacts.CreateContactTest@4dbb42b7]" started-at="2022-11-11T12:20:25 IST" name="bsConfig" finished-at="2022-11-11T12:20:25 IST" duration-ms="7" status="PASS">
          <reporter-output>
          </reporter-output>
        </test-method> <!-- bsConfig -->
        <test-method is-config="true" signature="bcConfig()[pri:0, instance:vTiger.Contacts.CreateContactTest@4dbb42b7]" started-at="2022-11-11T12:20:25 IST" name="bcConfig" finished-at="2022-11-11T12:20:28 IST" duration-ms="3400" status="PASS">
          <reporter-output>
          </reporter-output>
        </test-method> <!-- bcConfig -->
        <test-method is-config="true" signature="bmConfig()[pri:0, instance:vTiger.Contacts.CreateContactTest@4dbb42b7]" started-at="2022-11-11T12:20:28 IST" name="bmConfig" finished-at="2022-11-11T12:20:33 IST" duration-ms="4279" status="PASS">
          <reporter-output>
          </reporter-output>
        </test-method> <!-- bmConfig -->
        <test-method signature="Test1()[pri:0, instance:vTiger.Contacts.CreateContactTest@4dbb42b7]" started-at="2022-11-11T12:20:33 IST" name="Test1" finished-at="2022-11-11T12:20:33 IST" duration-ms="42" status="PASS">
          <reporter-output>
          </reporter-output>
        </test-method> <!-- Test1 -->
        <test-method is-config="true" signature="amConfig()[pri:0, instance:vTiger.Contacts.CreateContactTest@4dbb42b7]" started-at="2022-11-11T12:20:33 IST" name="amConfig" finished-at="2022-11-11T12:20:38 IST" duration-ms="5866" status="PASS">
          <reporter-output>
          </reporter-output>
        </test-method> <!-- amConfig -->
        <test-method is-config="true" signature="bmConfig()[pri:0, instance:vTiger.Contacts.CreateContactTest@4dbb42b7]" started-at="2022-11-11T12:20:38 IST" name="bmConfig" finished-at="2022-11-11T12:20:40 IST" duration-ms="2011" status="PASS">
          <reporter-output>
          </reporter-output>
        </test-method> <!-- bmConfig -->
        <test-method signature="Test2()[pri:0, instance:vTiger.Contacts.CreateContactTest@4dbb42b7]" started-at="2022-11-11T12:20:40 IST" name="Test2" finished-at="2022-11-11T12:20:40 IST" duration-ms="6" status="PASS">
          <reporter-output>
          </reporter-output>
        </test-method> <!-- Test2 -->
        <test-method is-config="true" signature="amConfig()[pri:0, instance:vTiger.Contacts.CreateContactTest@4dbb42b7]" started-at="2022-11-11T12:20:40 IST" name="amConfig" finished-at="2022-11-11T12:20:43 IST" duration-ms="2859" status="PASS">
          <reporter-output>
          </reporter-output>
        </test-method> <!-- amConfig -->
        <test-method is-config="true" signature="bmConfig()[pri:0, instance:vTiger.Contacts.CreateContactTest@4dbb42b7]" started-at="2022-11-11T12:20:43 IST" name="bmConfig" finished-at="2022-11-11T12:20:48 IST" duration-ms="4355" status="PASS">
          <reporter-output>
          </reporter-output>
        </test-method> <!-- bmConfig -->
        <test-method signature="createContactTest()[pri:0, instance:vTiger.Contacts.CreateContactTest@4dbb42b7]" started-at="2022-11-11T12:20:48 IST" name="createContactTest" finished-at="2022-11-11T12:20:59 IST" duration-ms="11289" status="FAIL">
          <exception class="java.lang.AssertionError">
            <message>
              <![CDATA[null]]>
            </message>
            <full-stacktrace>
              <![CDATA[java.lang.AssertionError: null
at org.testng.Assert.fail(Assert.java:99)
at org.testng.Assert.fail(Assert.java:106)
at vTiger.Contacts.CreateContactTest.createContactTest(CreateContactTest.java:31)
at java.base/jdk.internal.reflect.DirectMethodHandleAccessor.invoke(DirectMethodHandleAccessor.java:104)
at java.base/java.lang.reflect.Method.invoke(Method.java:577)
at org.testng.internal.MethodInvocationHelper.invokeMethod(MethodInvocationHelper.java:133)
at org.testng.internal.TestInvoker.invokeMethod(TestInvoker.java:598)
at org.testng.internal.TestInvoker.invokeTestMethod(TestInvoker.java:173)
at org.testng.internal.MethodRunner.runInSequence(MethodRunner.java:46)
at org.testng.internal.TestInvoker$MethodInvocationAgent.invoke(TestInvoker.java:824)
at org.testng.internal.TestInvoker.invokeTestMethods(TestInvoker.java:146)
at org.testng.internal.TestMethodWorker.invokeTestMethods(TestMethodWorker.java:146)
at org.testng.internal.TestMethodWorker.run(TestMethodWorker.java:128)
at java.base/java.util.ArrayList.forEach(ArrayList.java:1511)
at org.testng.TestRunner.privateRun(TestRunner.java:794)
at org.testng.TestRunner.run(TestRunner.java:596)
at org.testng.SuiteRunner.runTest(SuiteRunner.java:377)
at org.testng.SuiteRunner.runSequentially(SuiteRunner.java:371)
at org.testng.SuiteRunner.privateRun(SuiteRunner.java:332)
at org.testng.SuiteRunner.run(SuiteRunner.java:276)
at org.testng.SuiteRunnerWorker.runSuite(SuiteRunnerWorker.java:53)
at org.testng.SuiteRunnerWorker.run(SuiteRunnerWorker.java:96)
at org.testng.TestNG.runSuitesSequentially(TestNG.java:1212)
at org.testng.TestNG.runSuitesLocally(TestNG.java:1134)
at org.testng.TestNG.runSuites(TestNG.java:1063)
at org.testng.TestNG.run(TestNG.java:1031)
at org.testng.remote.AbstractRemoteTestNG.run(AbstractRemoteTestNG.java:115)
at org.testng.remote.RemoteTestNG.initAndRun(RemoteTestNG.java:251)
at org.testng.remote.RemoteTestNG.main(RemoteTestNG.java:77)
]]>
            </full-stacktrace>
          </exception> <!-- java.lang.AssertionError -->
          <reporter-output>
          </reporter-output>
        </test-method> <!-- createContactTest -->
        <test-method is-config="true" signature="amConfig()[pri:0, instance:vTiger.Contacts.CreateContactTest@4dbb42b7]" started-at="2022-11-11T12:20:59 IST" name="amConfig" finished-at="2022-11-11T12:21:02 IST" duration-ms="2642" status="PASS">
          <reporter-output>
          </reporter-output>
        </test-method> <!-- amConfig -->
        <test-method is-config="true" signature="acConfig()[pri:0, instance:vTiger.Contacts.CreateContactTest@4dbb42b7]" started-at="2022-11-11T12:21:02 IST" name="acConfig" finished-at="2022-11-11T12:21:02 IST" duration-ms="313" status="PASS">
          <reporter-output>
          </reporter-output>
        </test-method> <!-- acConfig -->
        <test-method is-config="true" signature="asConfig()[pri:0, instance:vTiger.Contacts.CreateContactTest@4dbb42b7]" started-at="2022-11-11T12:21:03 IST" name="asConfig" finished-at="2022-11-11T12:21:03 IST" duration-ms="0" status="PASS">
          <reporter-output>
          </reporter-output>
        </test-method> <!-- asConfig -->
      </class> <!-- vTiger.Contacts.CreateContactTest -->
    </test> <!-- Default test -->
  </suite> <!-- Default suite -->
</testng-results>
